[debug] [2024-07-18T13:17:44.871Z] ----------------------------------------------------------------------
[debug] [2024-07-18T13:17:44.874Z] Command:       C:\Program Files\nodejs\node.exe C:\Users\Tobi\AppData\Roaming\npm\node_modules\firebase-tools\lib\bin\firebase.js init functions
[debug] [2024-07-18T13:17:44.874Z] CLI Version:   13.13.1
[debug] [2024-07-18T13:17:44.874Z] Platform:      win32
[debug] [2024-07-18T13:17:44.875Z] Node Version:  v20.11.0
[debug] [2024-07-18T13:17:44.875Z] Time:          Thu Jul 18 2024 14:17:44 GMT+0100 (West Africa Standard Time)
[debug] [2024-07-18T13:17:44.875Z] ----------------------------------------------------------------------
[debug] 
[debug] [2024-07-18T13:17:44.880Z] >>> [apiv2][query] GET https://firebase-public.firebaseio.com/cli.json [none]
[debug] [2024-07-18T13:17:44.999Z] > command requires scopes: ["email","openid","https://www.googleapis.com/auth/cloudplatformprojects.readonly","https://www.googleapis.com/auth/firebase","https://www.googleapis.com/auth/cloud-platform"]
[debug] [2024-07-18T13:17:44.999Z] > authorizing via signed-in user (tobiwunmie@gmail.com)
[info] 
     ######## #### ########  ######## ########     ###     ######  ########
     ##        ##  ##     ## ##       ##     ##  ##   ##  ##       ##
     ######    ##  ########  ######   ########  #########  ######  ######
     ##        ##  ##    ##  ##       ##     ## ##     ##       ## ##
     ##       #### ##     ## ######## ########  ##     ##  ######  ########

You're about to initialize a Firebase project in this directory:

  C:\Users\Tobi\Desktop\thrifters\ecomm

Before we get started, keep in mind:

  * You are initializing within an existing Firebase project directory

[debug] [2024-07-18T13:17:45.913Z] <<< [apiv2][status] GET https://firebase-public.firebaseio.com/cli.json 200
[debug] [2024-07-18T13:17:45.914Z] <<< [apiv2][body] GET https://firebase-public.firebaseio.com/cli.json {"cloudBuildErrorAfter":1594252800000,"cloudBuildWarnAfter":1590019200000,"defaultNode10After":1594252800000,"minVersion":"3.0.5","node8DeploysDisabledAfter":1613390400000,"node8RuntimeDisabledAfter":1615809600000,"node8WarnAfter":1600128000000}
[info] 
=== Project Setup
[info] 
[info] First, let's associate this project directory with a Firebase project.
[info] You can create multiple project aliases by running firebase use --add, 
[info] but for now we'll just set up a default project.
[info] 
[debug] [2024-07-18T13:18:36.990Z] Using project from CLI flag: ecommerce-ba520
[debug] [2024-07-18T13:18:36.992Z] >>> [apiv2][query] GET https://firebase.googleapis.com/v1beta1/projects/ecommerce-ba520 [none]
[debug] [2024-07-18T13:18:37.625Z] <<< [apiv2][status] GET https://firebase.googleapis.com/v1beta1/projects/ecommerce-ba520 401
[debug] [2024-07-18T13:18:37.626Z] <<< [apiv2][body] GET https://firebase.googleapis.com/v1beta1/projects/ecommerce-ba520 {"error":{"code":401,"message":"Request had invalid authentication credentials. Expected OAuth 2 access token, login cookie or other valid authentication credential. See https://developers.google.com/identity/sign-in/web/devconsole-project.","status":"UNAUTHENTICATED"}}
[debug] [2024-07-18T13:18:37.627Z] HTTP Error: 401, Request had invalid authentication credentials. Expected OAuth 2 access token, login cookie or other valid authentication credential. See https://developers.google.com/identity/sign-in/web/devconsole-project.
[debug] [2024-07-18T13:18:38.339Z] FirebaseError: HTTP Error: 401, Request had invalid authentication credentials. Expected OAuth 2 access token, login cookie or other valid authentication credential. See https://developers.google.com/identity/sign-in/web/devconsole-project.
    at responseToError (C:\Users\Tobi\AppData\Roaming\npm\node_modules\firebase-tools\lib\responseToError.js:49:12)
    at RetryOperation._fn (C:\Users\Tobi\AppData\Roaming\npm\node_modules\firebase-tools\lib\apiv2.js:305:77)
    at process.processTicksAndRejections (node:internal/process/task_queues:95:5)
[error] 
[error] Error: Failed to get Firebase project ecommerce-ba520. Please make sure the project exists and your account has permission to access it.
[debug] [2024-07-18T13:19:01.787Z] ----------------------------------------------------------------------
[debug] [2024-07-18T13:19:01.789Z] Command:       C:\Program Files\nodejs\node.exe C:\Users\Tobi\AppData\Roaming\npm\node_modules\firebase-tools\lib\bin\firebase.js init functions
[debug] [2024-07-18T13:19:01.789Z] CLI Version:   13.13.1
[debug] [2024-07-18T13:19:01.790Z] Platform:      win32
[debug] [2024-07-18T13:19:01.790Z] Node Version:  v20.11.0
[debug] [2024-07-18T13:19:01.790Z] Time:          Thu Jul 18 2024 14:19:01 GMT+0100 (West Africa Standard Time)
[debug] [2024-07-18T13:19:01.790Z] ----------------------------------------------------------------------
[debug] 
[debug] [2024-07-18T13:19:01.866Z] > command requires scopes: ["email","openid","https://www.googleapis.com/auth/cloudplatformprojects.readonly","https://www.googleapis.com/auth/firebase","https://www.googleapis.com/auth/cloud-platform"]
[debug] [2024-07-18T13:19:01.866Z] > authorizing via signed-in user (tobiwunmie@gmail.com)
[info] 
     ######## #### ########  ######## ########     ###     ######  ########
     ##        ##  ##     ## ##       ##     ##  ##   ##  ##       ##
     ######    ##  ########  ######   ########  #########  ######  ######
     ##        ##  ##    ##  ##       ##     ## ##     ##       ## ##
     ##       #### ##     ## ######## ########  ##     ##  ######  ########

You're about to initialize a Firebase project in this directory:

  C:\Users\Tobi\Desktop\thrifters\ecomm

Before we get started, keep in mind:

  * You are initializing within an existing Firebase project directory

[info] 
=== Project Setup
[info] 
[info] First, let's associate this project directory with a Firebase project.
[info] You can create multiple project aliases by running firebase use --add, 
[info] but for now we'll just set up a default project.
[info] 
[debug] [2024-07-18T13:19:04.051Z] Using project from CLI flag: ecommerce-ba520
[debug] [2024-07-18T13:19:04.056Z] >>> [apiv2][query] GET https://firebase.googleapis.com/v1beta1/projects/ecommerce-ba520 [none]
[debug] [2024-07-18T13:19:04.547Z] <<< [apiv2][status] GET https://firebase.googleapis.com/v1beta1/projects/ecommerce-ba520 401
[debug] [2024-07-18T13:19:04.547Z] <<< [apiv2][body] GET https://firebase.googleapis.com/v1beta1/projects/ecommerce-ba520 {"error":{"code":401,"message":"Request had invalid authentication credentials. Expected OAuth 2 access token, login cookie or other valid authentication credential. See https://developers.google.com/identity/sign-in/web/devconsole-project.","status":"UNAUTHENTICATED"}}
[debug] [2024-07-18T13:19:04.548Z] HTTP Error: 401, Request had invalid authentication credentials. Expected OAuth 2 access token, login cookie or other valid authentication credential. See https://developers.google.com/identity/sign-in/web/devconsole-project.
[debug] [2024-07-18T13:19:04.935Z] FirebaseError: HTTP Error: 401, Request had invalid authentication credentials. Expected OAuth 2 access token, login cookie or other valid authentication credential. See https://developers.google.com/identity/sign-in/web/devconsole-project.
    at responseToError (C:\Users\Tobi\AppData\Roaming\npm\node_modules\firebase-tools\lib\responseToError.js:49:12)
    at RetryOperation._fn (C:\Users\Tobi\AppData\Roaming\npm\node_modules\firebase-tools\lib\apiv2.js:305:77)
    at process.processTicksAndRejections (node:internal/process/task_queues:95:5)
[error] 
[error] Error: Failed to get Firebase project ecommerce-ba520. Please make sure the project exists and your account has permission to access it.
